[cicd] Running shell script
+ /usr/share/maven/bin/mvn -Dmaven.test.failure.ignore clean package
[INFO] Scanning for projects...
[INFO]                                                                         
[INFO] ------------------------------------------------------------------------
[INFO] Building simple-maven-project-with-tests 1.0-SNAPSHOT
[INFO] ------------------------------------------------------------------------
[INFO] 
[INFO] --- maven-clean-plugin:2.5:clean (default-clean) @ simple-maven-project-with-tests ---
[INFO] Deleting /var/jenkins_home/workspace/cicd/target
[INFO] 
[INFO] --- maven-resources-plugin:2.6:resources (default-resources) @ simple-maven-project-with-tests ---
[INFO] Using 'UTF-8' encoding to copy filtered resources.
[INFO] skip non existing resourceDirectory /var/jenkins_home/workspace/cicd/src/main/resources
[INFO] 
[INFO] --- maven-compiler-plugin:3.2:compile (default-compile) @ simple-maven-project-with-tests ---
[INFO] No sources to compile
[INFO] 
[INFO] --- maven-resources-plugin:2.6:testResources (default-testResources) @ simple-maven-project-with-tests ---
[INFO] Using 'UTF-8' encoding to copy filtered resources.
[INFO] skip non existing resourceDirectory /var/jenkins_home/workspace/cicd/src/test/resources
[INFO] 
[INFO] --- maven-compiler-plugin:3.2:testCompile (default-testCompile) @ simple-maven-project-with-tests ---
[INFO] Changes detected - recompiling the module!
[INFO] Compiling 3 source files to /var/jenkins_home/workspace/cicd/target/test-classes
[INFO] 
[INFO] --- maven-surefire-plugin:2.18.1:test (default-test) @ simple-maven-project-with-tests ---
[INFO] Surefire report directory: /var/jenkins_home/workspace/cicd/target/surefire-reports

-------------------------------------------------------
 T E S T S
-------------------------------------------------------
Running test.SomeTest
Tests run: 6, Failures: 0, Errors: 0, Skipped: 1, Time elapsed: 0.01 sec - in test.SomeTest
Running test.OtherTest
Tests run: 1, Failures: 0, Errors: 0, Skipped: 0, Time elapsed: 0 sec - in test.OtherTest

Results :

Tests run: 7, Failures: 0, Errors: 0, Skipped: 1

[INFO] 
[INFO] --- maven-jar-plugin:2.4:jar (default-jar) @ simple-maven-project-with-tests ---
[WARNING] JAR will be empty - no content was marked for inclusion!
[INFO] Building jar: /var/jenkins_home/workspace/cicd/target/simple-maven-project-with-tests-1.0-SNAPSHOT.jar
[INFO] ------------------------------------------------------------------------
[INFO] BUILD SUCCESS
[INFO] ------------------------------------------------------------------------
[INFO] Total time: 3.736 s
[INFO] Finished at: 2018-03-07T14:21:39+00:00
[INFO] Final Memory: 13M/33M
[INFO] ------------------------------------------------------------------------
